< l ø s e s u m m e r s >
< b a n d e o r d >
< m o n o p o l e r >
< f a g f o r e n i n g e n s >
< d i a l e k t >
< k a t e g o r i s >
< s o l s o r t e r n e s >
< p i n c e t t e n s >
< b i l v a s k e s >
< m a n d a r i n s >
< e m b e d s m a n d s >
< a n a g r a m m e r n e s >
< f j e n d e r >
< a s t e r o i d e r >
< s m å k a g e n s >
< t r a g e d i e r >
< k l o a k d y r >
< l a m p e s k æ r m e s >
< b a t t e r i e r s >
< b a n g e b u k s >
< d i l l e r e n e s >
< s t a n k e n s >
< s t æ n g l e n s >
< r i d d e r s >
< f r i m æ r k e r s >
< k l a s s i k e r e >
< v e j s k i l t s >
< k i o s k e r >
< a f s n i t s >
< u n i o n e n s >
< b r y d n i n g s i n d e k s e r n e s >
< t e r a p e u t e r >
< g r u n d l a g e t s >
< p e n g e p u n g >
< h a l s >
< t o r n s >
< k o n c e r t e n s >
< d i æ t e r n e s >
< b r y d n i n g s i n d e k s e t s >
< k æ p >
< g e d d e r s >
< p y t o n e r n e s >
< l y d o r d >
< k r o k o d i l l e t å r e s >
< a d d e r e d e >
< m u s i k a r t i k l e n s >
< l a n d s b y t o s s e r n e s >
< a d v e r b i e r n e s >
< f å r e h u n d e s >
< t a s k e r n e s >
< g l a r m e s t e r >
< m å n e r n e s >
< b å n d e t s >
< m a s s ø r >
< f r e m m e d o r d s >
< d o d e k a e d r e s >
< s o l s y s t e m e r s >
< f l a n e r e >
< t i l s t a n d e n s >
< t v æ r b ø l g e r s >
< t r o m m e r s >
< k r y d s e r m i s s i l >
< v i k i n g e r >
< g ø d e s >
< q u i z ' >
< d y n e s >
< k a n d e s >
< a b b e d i e t s >
< s a l a t f a d e n e s >
< g a l g e s >
< h j u l >
< c h a i s e l o n g e r >
< a b b e d >
< b o r d l a m p e n s >
< k a r a k t e r i s t i k k e n s >
< s m ø r e r s >
< b a m s e s >
< m ø n t >
< b o g o r m e n s >
< k r o k o d i l l e t å r e r n e s >
< r o s i n >
< p r o t o n e r n e s >
< p y j a m a s s e r >
< s m e l t e v a r m e n s >
< b e g r a v e l s e s >
< t j e n e s t e r n e s >
< p a p a j a e r n e s >
< b y g k o r n e t s >
< s a l e s >
< m a n n e q u i n e r s >
< n a t i o n a l s a n g s >
< j ø d i n d e r >
< a v o c a d o e r s >
< s m ø l f s >
< k a p e r s ' >
< o v e r m æ n g d e >
< f æ d r e l a n d >
< s ø r ø v e r n e s >
< k o n f i s k e r e d e >
< f ø d s e l s h y p p i g h e d e n s >
< s e r a f s >
< k o n t a k t p e r s o n e r >
< g a l o p p e r >
< o p e r e r e d e >
< l i n g v i s t s >
< s k a b e l o n e r s >
< p l a d s >
< p o t e n t a t e r s >
< r y t t e r e >
< g o d b i d >
< t r i m e s t r e >
< r å b s >
< v a b l e s >
< b o t a n i k k e r s >
< f l u e k n e p p e r i e r >
< v i t a m i n p i l l e r >
< e k s e m p e l >
< m i n e r a l o g i e n s >
< b i o r d >
< d e d u c e r e r >
< c i r k e l a f s n i t >
< c e l l e v æ g >
< b o h e m e s >
< a s k e b æ g e r e s >
< g r u n d l a g s >
< f o t o g r a f e r e d e >
< a f p r e s n i n g >
< k e j s e r r i g e r >
< b u k e t >
< p u n g d y r e n e s >
< t ø m r e r n e s >
< h ø r e t e l e f o n >
< e f t e r å r e t s >
< b u s k e n e s >
< g r y n t e n e s >
< l æ r e r >
< b r o d e r s k a b e r n e s >
< h å r b ø r s t e r n e s >
< g u d d o m m e n e s >
< g r ø n l æ n d e r e s >
< c i g a r e r >
< b e t y d n i n g e r s >
< h a r e k i l l i n g e r n e s >
< t e r r æ n e t s >
< n æ s ' >
< o v n e n s >
< u d s t r å l >
< d i s c i p l i n e r s >
< o v e r s æ t t e l s e s l å n e n e s >
< u d s i g t >
< g r a n i t t e r n e s >
< k o r d e r n e s >
< i n t e l l i g e n s a l d e r s >
< k e l >
< i d o l i s e r e s >
< v æ r d i m æ n g d e >
< v i d e n s k a b s m æ n d s >
< p a r f u m e s >
< d i p l o m e r n e s >
< h v i r v e l d y r >
< p i n s e l i l j e s >
< p e d e l l e n s >
< t r o l d e >
< k ø n s o r d >
< f i l i g r a n n e r >
< c i t r o n >
< d e v i e r e t >
< d r å b e s >
< a s k e b æ g e r s >
< e n h e d e n s >
< s t r å e t s >
< g r ø n l æ n d e r >
< r y g s æ k k e n s >
< d e b u t e n s >
< h o r e h u s e t s >
< g i l d i n g s >
< d æ m p e s >
< b r o s t e n s >
< k o b b e r r ø r e n e s >
< ø l m a v e r s >
< k o n c e n t r a t s >
< k r i g e r e n s >
< b u g e s >
< b r o n z e r n e s >
< f r o k o s t e r s >
< b o y s e n b æ r r e t s >
< g e n o t y p e n s >
< m a d d i k e s >
< u d v i k l e r s >
< s ø l v b r y l l u p p e r n e s >
< t r y n e s >
< e k s p e d i e n t e n s >
< k u r e r e t >
< k o n s e r v e r i n g s m i d d e l >
< l a d s >
< t i l l æ g s f o r m >
< m u s i k p æ d a g o g i k k e n s >
< v a b l e n v a b e l e n >
< d e f i n e r e s >
< l a s t b i l >
< æ r b ø d i g h e d s >
< d i g e t s >
< c i g a r e t s æ l g e r s >
< r o r >
< p æ d e r a s t >
< h v e p s e t a l j e n s >
< v i s k e s t y k k e >
< m o r f æ d r e >
< m i r a k e l s >
< s y l l o g i s m e r n e s >
< p e b e r k v æ r n >
< k a r t o f l e n s >
< a k t i v i t e t >
< p e n i s s e r n e s >
< m æ n g d e t a l s >
< a m e r i k a n e r n e s >
< h å n d b o l d e n e s >
< a d g a n g s k o d e >
< b y t t e h a n d l e r n e s >
< h j e l m e n s >
< s k o v s >
< a n d r o i d e r n e s >
< o m e l e t s >
< p i g e r >
< b r a s i l i a n e r s >
< t e m p o >
< p e n n a l h u s e >
< s p u r v e n s >
< h a j e r n e s >
< b o l d e n e s >
< t r a d i t i o n e r s >
< d a n i s e r e r >
< o v e r s æ t t e l s e n s >
< k a t a s t r o f e n s >
< m i d d e l h a v e t s >
< d o d e k a e d e r s >
< s o j a o l i e n s >
< t u s i n d e t s >
< p r o c e n t p o i n t s >
< k r a g e >
< l a n d k r a b b e r n e s >
< d e l m æ n g d e >
< k a k e r l a k k e n s >
< v o m m e >
< a u t o p s i e r >
< d e s s e r t e r n e s >
< s t o r m e n e s >
< p e l s ' >
< a k t i v i t e t e r >
< i n d t a s t e d e s >
< g l e n t e r s >
< e n g l æ r k e r >
< t e r r i e r >
< n y r e s >
< s n o g e s >
< a l l o k e r i n g e n s >
< t r e k a n t e r s >
< n i v e a u e r s >
< u l t i m a t u m s >
< s e m i f i n a l e r n e s >
< c i g a r e t r ø r s >
< t r o u b a d u r e n s >
< h o n n i n g e r s >
< a n t o l o g i >
< k u t y m e n s >
< d i s t r a h e r >
< f a n g e s >
< a p p e l s i n >
< h u s b o n d e r >
< l æ n g d e b ø l g e r >
< s p i l k a r a k t e r e r n e s >
< p l e k t r e >
< b i o l o g i >
< a v e n u e r n e s >
< b r u g e r b e t a l i n g e r n e s >
< a u t o k r a t i s >
< a n s ø g e r e n s >
< l o d d e k o l b e r s >
< k o r k e g e >
< k i l d e k o d e >
< k v æ l s t o f f e r >
< h å n d j e r n s >
< e - m a i l e n s >
< s k u e s p i l >
< b r a n d e r t e n s >
< b r y s t v o r t e r s >
< k u g l e r s >
< s a v e n e s >
< k o m m o d e r >
< c h a r m e r e s >
< o d d e r e s >
< s t a r u t t e n s >
< i n d f l y v n i n g e r n e s >
< r o r e n e s >
< u r i n a l e t s >
< a l t m u l i g m æ n d s >
< h y t t e s >
< s a l t e d e >
< m o r d e r s >
< c e l l e k e r n e r s >
< n a v n e s >
< t i d s r e j s e r s >
< t o m a t >
< g l o b e s >
< f l ø j t e t s >
< v a s k e m i d l e t s >
< h e m m e l i g h e d e r >
< m i t o k o n d r i e s >
< h o l m e >
< k a u t i o n e r s >
< s c h w e i z e r e s >
< g i r a f >
< s u d a n e r s >
< e n g l æ n d e r i n d e r >
< b u t t e r f l y >
< b å n d o p t a g e r e s >
< m a s s ø s e >
< f æ l l e d e n s >
< b r u n e t t e r n e s >
< h y p p i g h e d s >
< p å s k e >
< b a l l a d e r >
< k r i t e r i e r >
< e - m a i l - a d r e s s e r >
< v e j s k i l t e s >
< b u s s e n s >
< p a r k e r e r >
< l o k o m o t i v e r >
< s t u d s >
< k o m m i s s æ r e r s >
< p u s l e s p i l l e t s >
< h u d e n s >
< p o l e m i k k e r >
< u d s t r å l e r >
< l e j l i g h e d e r s >
< n a v e t s >
< t o k s i k o l o g e n s >
< k a n d i s e r e d e s >
< a l t e r n a t i v s >
< k a m r e n e s >
< l æ n e s t o l >
< h o r n >
< m e t r o p o l >
< s t a b e n s >
< k r æ f t e r s >
< b å n d o p t a g e r n e s >
< a l b u m m e r >
< s ø n n e r s >
< e k s e m p l e r >
< n e d e r d e l e >
< g u i t a r e n s >
< s p i s e b o r d s >
< r e n d e r s >
< m e l l e m n i v e a u e r n e s >
< s a d l e r >
< m o t i v e r e s >
< c i g a r e t t e r s >
< o p t i m i s t e r s >
< b r ø k s >
< e n t r e >
< s k u f f e l s e r n e s >
< t r y l l e k u n s t n e r n e s >
< k u r e s >
< k y n i s m e n s >
< k l y n g e r n e s >
< t a g e t e s e n e s >
< b a m s e n s >
< s o l u d b r u d s >
< p o t e n s >
< l a s e r s >
< n a v l e n s >
< o p g a v e >
< s u l t a n e r >
< b l e n d e r e s >
< g r u n d l a g >
< k e r n e k r a f t e r n e s >
< b e v i s s >
< b l o d t y p e >
< s k i l ø b e r s >
< v a d e s t e d e t s >
< a f l e v e r i n g e r n e s >
< d e d u c e r >
< n a t k l u b b e n s >
< m e d i t a t i o n e r >
< b a r r e r >
< c o m p u t e r p r o d u c e n t >
< s l u d d e r n e s >
< g r a v s t e n s >
< r a p p o r t ø r e n s >
< a s s i m i l e r e t >
< s t a v k i r k e r s >
< s v a n e s a n g e n s >
< h o r n e t s >
< s p ø r g s m å l >
< r i s t e r >
< f a m i l i e r s >
< m i l e n s >
< k r æ s e d e s >
< p a t é e r n e s >
< b a m b u s s e r n e s >
< a f p r ø v n i n g e r n e s >
< b å l >
< j u b l e n d e >
< l u f t k a s t e l l e r s >
< s y n o n y m o r d b o g s >
< a b k h a s e r e s >
< m e d i e r s >
< c i g a r e t s k o d d e n e s >
< k v o t i e n t r æ k k e n s >
< c a m p i n g v o g n s >
< h e n v i s n i n g e r s >
< s v a s t i k a >
< v e s t k y s t e r n e s >
< a v a n c e s >
< a f v i g e l s e n s >
< f i s k e t >
< ø g e n a v n e t s >
< k l ø f t e h a m m e r e s >
< s o l d u g g e n s >
< v a c c i n e r n e s >
< c a r b o n k r e d s l ø b e n e s >
< a n t o l o g i e r >
< e t i o p i e r e n s >
< k u l e r n e s >
< s k å l e r >
< p å s k e r n e s >
< s a m m e n s k r i v n i n g e n s >
< k a m e l e r n e s >
< k v a r t >
< b a b y - s i t t e r e >
< o r g i e r n e s >
< f a k t o t u m m e r s >
< n æ t t e r >
< m a s k i n e r s >
< f y r v æ r k e r i >
< k l a s s i f i k a t i o n s a l g o r i t m e r s >
< b l o m k å l >
< f æ l l e s b e t e g n e l s e >
< k o n k u r r e n c e r >
< v a l e n s e r s >
< p r o f e s s i o n s h ø j s k o l e n s >
< s o l d a t >
< æ r b ø d i g h e d e n s >
< l y s k e >
< b a b y d o l l e n e s >
< g r o t e s k >
< n å l e >
< s e e r s >
< m a s s ø r e n s >
< p l o v e >
< h u k o m m e l s e s >
< k l a p - s a m m e n - m a d s >
< k a r d i o g r a m m e r n e s >
< d ø d e l i g h e d s >
< r e s s o u r c e r n e s >
< t a t o v ø r e r n e s >
< v i n d r u e s >
< a r g e n t i n e r >
< r a p p e n s k r a l d e s >
< d i æ t >
< a k t e n s >
< t v - s e r i e r >
< k o r n e t t e r >
< a m t e t s >
< k l a s s i f i k a t i o n s a l g o r i t m e n s >
< r ø d l o s s e n s >
< t æ p p e >
< å r e r s >
< p o r ø s i t e t e r n e s >
< f o t o g r a f e r e t >
< p o s t b u d s >
< p i n g v i n e r s >
< l a n d k r a b b e >
< b u s k o r t e t s >
< p o l y g o n >
< h u d >
< k a p t a j n >
< m a n d e l o l i e s >
< s a v l e t >
< a b o r i g i n e r >
< s y g d o m m e n s >
< b e r y l >
< a v o k a d o e r s >
< f l å d e >
< m u m l e s >
< m u l d v a r p e n e s >
< e n t r e e r >
< g i f t s t o f s >
< p a d d e n s >
< b r o w s e r n e s >
< m a l k e p i g e r n e s >
< k a l v e >
< r e d s k a b e r >
< d y n a s t i s >
< m o r g e n m e n n e s k e s >
< n a v n e f æ l l e r >
< k e j s e r r i g e r s >
< g e n e r a l e n s >
< f r i h e d e r n e s >
< ø s t e r s e n e s >
< e k s t r a h e r e n d e >
< g r i n >
< m e d i c i n >
< o v e r s v ø m m e l s e s >
< g e n s t a n d e n s >
< r e s i s t o r s >
< t a l j e r n e s >
< k o m m u t e r e d e >
< e l e v a t o r >
< c a m p i n g v o g n e >
< s t å s t e d e r n e s >
< p o k e r a n s i g t >
< k i r k e s >
< t r o n e r n e s >
< i n s e k t æ d e r s >
< d å n e d e >
< a m b r a s >
< k u r e r e d e >
< k r a v e r >
< p a l a v e r n e s >
< l æ r e r e >
< n i v e a u e r n e s >
< a p o s t r o f f e r s >
< r e m u l a d e r >
< k a r a m e l l e r n e s >
< f r i s ø r e n s >
< l y d o r d >
< k a t a k o m b e r >
< r e s i s t o r >
< a m a g e r k a n e r e s >
< d a s ' >
< d a n i s e r e d e >
< s k u l d e r t r æ k >
< v a n d r i n g s m æ n d >
< r ø d l o s s e r >
< h y p n o s e r >
< i n g e n i ø r e r >
< å r s t i d e r >
< s o n a t e r n e s >
< s k æ r f e t s >
< T V - s e r i e r s >
< b ø l g e l æ n g d e r n e s >
< a f f a l d s c o n t a i n e r e >
< f l ø j t >
< a m b a s s a d ø r e n s >
< m ø n s t r e n e s >
< s v u l m e s >
< q u i n d e r s >
< a l k a n s >
< m u n d h a r p e r >
< p a l æ s t i n e n s e r >
< g u d b a r n e t s >
< s m å b ø r n e n e s >
< a u t o k r a t i e r n e s >
< s v i p >
< p a n e r e s >
< m å g e r s >
< f l e r t a l >
< a n l e d n i n g e r n e s >
< r e s u r s e r >
< a n t a l >
< t o p o g r a f e r >
< s t ø d t a n d e n s >
< b a r b e r i n g >
< p o r n o g r a f s >
< l i l l e h j e r n e r n e s >
< r a n e n e s >
< l a g e n s >
< l a p s e n e s >
< s t i n k d y r >
< f a g f o r e n i n g e r n e s >
< h i n d b æ r s n i t t e r n e s >
< p l a n t e æ d e r s >
< f o r å r s r u l l e n s >
< s a v n e s >
< d ø g n >
< k i n e s e r s >
< l o m m e r >
< b ø l g e l æ n g d e r s >
< m u l a t t e r n e s >
< s ø n d a g >
< h e d n i n g s >
< v i s e r >
< g e o m e t r i e r >
< a b r i k o s t r æ e r s >
< b a b y l o n e r n e s >
< s t u d e s >
< u d f o r d r i n g e r >
< f e d t s >
< p a t e n t e r s >
< r u s s e r >
< m a j s o l i e n s >
< p a s t e l >
< m o t o r c y k l e n s >
< r y g s ø j l e >
< r e s s o u r c e s >
< i n t r a n e t s >
< a l t e r n a t i v e r >
< g u d s t j e n e s t e n s >
< r ø g a l a r m s >
< v a s k e >
< k o n f l i k t e r s >
< k r e b s e n e s >
< f i l o s o f f e n s >
< f e r s k e n e r n e s >
< k r a g e r >
< b i o l o g i s >
< r e k v i r e r >
< k a n e l s n e g l e n e s >
< h u m a n i s t >
< k a r t o f l e r >
< d a n d e r e s >
< g a l o p p e n s >
< n ø g l e o r d >
< k i r k e g å r d e >
< c h o k k e n e s >
< t r a f i k l y s e t s >
< a n a g r a m m e r s >
< r i f f e l >
< f o r d a m p n i n g s v a r m e >
< u k r a i n e r e >
< m i d d e l >
< r e g u l e r e d e s >
< l a n d m a n d s >
< h e r b i c i d e r n e s >
< s l u t n i n g s >
< o d d e n s >
< k o n s e r v e r i n g s m i d l e r s >
< p u n g d y r e t s >
< a r g u m e n t e r e d e >
< l a g s >
< c h a r m e r e t >
< m a g a s i n s >
< v e n t i l s >
< i s b j ø r n e s >
< i d o l i s e r e d e >
< æ r i n d e s >
< a v o c a d o e n s >
< ø l m a v e r n e s >
< a l f e r >
< s t r i k k e p i n d >
< n a r h v a l s >
< e m b e d s m æ n d e n e s >
< e l e g i e r n e s >
< m o n t e r e n d e >
< g e s t u s >
< s o l o p g a n g e >
< p å l æ g g e t s >
< m e l o d i g r a n d p r i x e r >
< t ø j t e n s >
< k r a b b e >
< g n i e r e s >
< h y d r o l y s e s >
< e s p l a n a d e s >
< v a s k e m i d l e r s >
< b o n d e r ø v e s >
< b a m s e r n e s >
< v u r d e r i n g e r >
< u r i n a l e r n e s >
< o v e r r a s k e l s e r s >
< k e r n e r n e s >
< e l g >
< o r n e s >
< m a n u a l e n s >
< g u l d u r >
< k o n k u r r e n c e s >
< d y s t e n s >
< p i g t r å d s >
< p u d e >
< m e l o d i g r a n d p r i x e r n e s >
< m a r e r >
< b r i s e r >
< h ø s t a k k e s >
< l i n j e r n e s >
< v a s e n s >
< k r a v e b e n >
< k u p s >
< k r a v e r n e s >
< p i k k e m æ n d >
< h o r n e n e s >
< n y t å r s d a g e s >
< o r d s p i l >
< r a b a r b e r n e s >
< r e p o r t e r s >
< l a g u n e r n e s >
< s t o r k e n e s >
< ø j e n v i p p e n s >
< b i l l i g e t >
< l å g e t s >
< m a n n e q u i n >
< u g e d a g s >
< s m ø l f e n s >
< m e t e o r i t t e r s >
< f æ g t e r s >
< t o k s i k o l o g e r n e s >
< m u s i k a r t i k e l s >
< f o d r e r >
< t o l k >
< g o l f b a n e >
< t r a d i t i o n e r n e s >
