< t a g e t e s e n s >
< k o r s >
< p r o n o m e n e t s >
< b i o l o g i e r s >
< i n f o r m a t i o n e r s >
< o r d k l a s s e r >
< p r æ s i d e n t >
< j æ g e r e n s >
< p i l o t e n s >
< p å f u g l s >
< f i l i a l s >
< g a f l e r s >
< r o o m i e s ' >
< n æ s e >
< m o d e r s m å l >
< T V - p r o g r a m m e r >
< k r o k o d i l l e r s >
< p a r t i c i p i e r >
< k o m i k e r e >
< u n g a r e r e s >
< r e v i s o r e n s >
< l a n g f r e d a g e n e s >
< d i f f e r e n s k v o t i e n t e r s >
< f æ n g s l e >
< f æ s t n i n g e n s >
< f l u e r n e s >
< l i a n >
< t i d e n s >
< l a n g f r e d a g e >
< n ø g l e o r d e n e s >
< s æ l e n s >
< i s t i d e n s >
< u d s k u d >
< v e r b e r s >
< p o r ø s i t e t >
< j u n g l e s >
< k a r l e n e s >
< b a b y f l ø j l e r s >
< v e n l i g h e d e n s >
< a f l e v e r i n g s >
< p o k e r a n s i g t s >
< d o m m e r e >
< p e r f e k t i o n i s t e n s >
< g u l v >
< b i >
< o p t i m i s t e r n e s >
< b a g m a n d >
< a r b e j d s d a g >
< j u i c e r e n e s >
< r o s é v i n s >
< p r o v i n s e r >
< s k r å n i n g e n s >
< s k i l d p a d d e r n e s >
< s i e r s >
< h a r e k i l l i n g e n s >
< s v u l m e t >
< ø j e n l å g >
< i s v a f l e r >
< d y r k e t >
< b i l i s t e r s >
< d i s t a n c e r >
< d a t a m a t >
< b y d e l e >
< s a n g e r e s >
< o l d e f a r s >
< b r u g e r d i s k u s s i o n e n s >
< b r ø n d e n s >
< l ø s e s u m >
< s t ø d e t s >
< a u b e r g i n e n s >
< v a n d p o l o s >
< e f t e r n a v n e n e s >
< b u t t e r f l y s >
< t i g e r e s t i g r e s >
< h a v f r u e n s >
< r ø g a l a r m >
< m u f f e s >
< m a n i f e s t e r s >
< m ø e r n e s >
< f o d b o l d e n s >
< g r æ s k a r >
< j o m f r u e r >
< h a n d i k a p t o i l e t >
< k v o t i e n t e r n e s >
< g n i s t e r >
< k a n a r i e f u g l s >
< k u s k e s >
< r i g g e s >
< b e g r a v e l s e r s >
< a n t o l o g i e n s >
< f l u e s m æ k k e r >
< d r ø n e n e s >
< k o n s u l a t e r n e s >
< v a n d f a r v e r >
< f r e g n e r n e s >
< u d s k u d s >
< s l o t >
< f i l i g r a n n e t s >
< a b c >
< o r n i t o l o g i >
< h y p p i g h e d e r s >
< t r o n e n s >
< j u b i l æ u m s >
< m a n k e r s >
< c i g a r e t s t u m p e r >
< b ø r s e r >
< t e r n i n g e n s >
< v a g t e r >
< æ g t e m æ n d >
< g r u n d >
< v a l g e n e s >
< q u i z z e n s >
< s a n d s æ k k e n e s >
< t r e k a n t e r >
< o r d k l a s s e >
< s l u t s p u r t >
< b i o m e r s >
< f o r å r >
< s ø s t r e >
< u n d e r s t ø t t e l s e s p u n k t e t s >
< p r o t o n e r s >
< g r i n >
< p a d d e r s >
< d i s k u s s i o n e n s >
< s a v l e >
< d a t a b a s e r s >
< d e k r e t e r n e s >
< d o b b e l t s e n g e s >
< p l æ n e k l i p p e r e n e s >
< s k i l l i n g s >
< r i n g f i n g e r e n s >
< l i n g v i s t e r >
< h j o r t >
< s l ø j f e r n e s >
< k l a p p e r s l a n g e n s >
< m u s i k k o n s e r v a t o r i u m e r n e s >
< f o r e l æ s n i n g e r >
< s o v e p o s e r n e s >
< p a n t e r e s >
< f i l m s >
< s p ø r g s m å l s t e g n e n e s >
< r o v f u g l e >
< i n t e r j e k t i o n e r >
< s k a l e r b a r h e d >
< k o n t a k t i n f o r m a t i o n s >
< y d e l s e r n e s >
< r æ v >
< f o t o g r a f e r >
< t r o u b a d u r e r >
< s k æ r f s >
