< i n d b r u d d e n e s >
< c i g a r e t s k o d d e n e s >
< r o t t e r s >
< m a s s ø r >
< n u l l e r >
< d a t a s >
< k r æ s e d e s >
< b r æ k j e r n e t s >
< w c - r u l l e n s >
< t e p o s e n s >
< p a t i e n t e n s >
< s t ø r r e l s e r n e s >
< b y g n i n g s >
< k l a v i a t u r e r >
< d ø g n e n e s >
< p a r k e r i n g s g a r a g e s >
< j o r d s k æ l v s >
< g a m e r s >
< b i l i s t s >
< v o g n s >
< c e l l e v æ g >
< k u l l e r n e s >
< k n a g e r æ k k e s >
< v æ g t e n s >
< v e n n e r n e s >
< m e d i t a t i o n e r n e s >
< r e d s k a b e r >
< m e d i c i n e n s >
< v a n d r e f a l k e s >
< g e l e e r n e s >
< s p e k t a k l e r s >
< v a t p i n d s >
< j o r d s k æ l v e t s >
< k r i g e r e n s >
< l ø j t n a n t e n s >
< m a c h o m a n d >
< d i f f e r e n t i a l k v o t i e n t e n s >
< v a r i e r e d e s >
< a n n e k t e r i n g e n s >
< a d v e n t e r >
< p r æ s t a t i o n e r s >
< v a s k e b r æ t >
< h å n d e n s >
< s v o g r e s >
< g l o b u s s e r s >
< t ø r r e t u m b l e r n e s >
< o r g l e r >
< ø g e t >
< v e l s i g n e r >
< a n s ø g e r s >
< t r a g t e n e s >
< m y n t e r s >
< a v e n u e >
< k o m p o s i t i o n >
< i s l æ n d e r e >
< b o v e n e s >
< s a l m e r s >
< f i g e n e n s >
< m a k r o n e n s >
< t e r r a s s e r >
< s t å l >
< n i s s e >
< d e c i m e t e r s >
< r i s v i n e n e s >
< a r b e j d s d a g e s >
< v æ g >
< æ g t e f æ l l e >
< h i n g s t >
< k a f f e k a n d e r s >
< å r t i e r >
< h a n d l e r e n s >
< m u l e r >
< r o m a n s >
< k o m p o n i s t s >
< t e s t n i n g e r >
< k i s t e >
< l æ n g d e b ø l g e r s >
< s æ r s k r i v n i n g e r >
< a b s u r d i t e t s >
< k n a p s >
< k l u d e s >
< f o r b r y d e l s e s >
< n o r d k y s t >
< k a r a k t e r i s t i k k e n s >
< z u c c h i n i e n s >
< s t r e j f >
< r a p p o r t ø r e r >
< t ø j e t s >
< d i f f e r e n s k v o t i e n t e r s >
< h e s t e n s >
< d o m m e r e >
< t j e n e s t e r n e s >
< f i s k e r b å d s >
< k o n s u l a t e r n e s >
< u d s a g n s l e d s >
< t i d s m a s k i n e r s >
< p r i n c i p s >
< f o d b o l d s p i l l e r e >
< v e n e n s >
< k l i m a e r s >
< p r o p e l l e r s >
< p r ø v e n s >
< t i d s z o n e r n e s >
< l å r b e n e t s >
< a f p r ø v n i n g e r n e s >
< l y s t r e r >
< c a f é   a u   l a i t e r >
< æ l l i n g e r >
< h i s t o r i e r >
< f i r k a n t e n s >
< t u s i n d e s >
< c e l l e m e m b r a n e r s >
< s a m b o e n s >
< m o r d e r s >
< s t r a f f e s p a r k e t s >
< m å g e r n e s >
< s k i d e r i k >
< d a d e l s >
< q u a r t e r b a c k s >
< f o t o g r a f e r e t >
< p u n d e t s >
< m u l i g h e d e r s >
< b u g s p y t k i r t l e r s >
< y n d l i n g e >
< l i l l e h j e r n e r >
< k r a d s e s >
< p o r s e >
< b a g e r i >
< r o m b e s >
< m a l k e r >
< i n t e l l i g e n s t e s t n i n g s >
< d i f t o n g e n s >
< t u r b a n >
< p a r a g r a f f e r n e s >
< t v i v l >
< v i n d m ø l l e >
< a u t o d i d a k t e r s >
< a u t o p s i >
< m å g e r s >
< s k i b >
< a r i s t o k r a t i e r s >
< h a v e n e s >
< b r u n e d e >
< c y l i n d e r e s >
< n ø d d e s k a l l e r n e s >
< k a p e r s ' >
< r o m a n >
< d e l e g e r e >
< f l å d e >
< m i r a k l e r s >
< o p h a v s g r u p p e >
< b r o d e r s k a b e r >
< j a v a n e s e r e >
< t r æ l >
< k ø n s o r d s >
< b e s t i e >
< s k u m b a d e t s >
< a l t i n g >
< k o p i m a s k i n e s >
< w e e k e n d s >
< m o n o p o l e t s >
< s y r e r e >
< b o y k o t s >
< b o n e r s >
< s u l t a n >
< p a l i m p s e s t e r >
< v i n k e l h a l v e r i n g s l i n j e r n e s >
< h y t t e r s >
< j u b i l æ e t s >
< s m ø r r e b r ø d >
< k u r s e r s >
< f o r b i e r s >
< e t a p e s >
< t a l j e >
< m a r i e h ø n e r >
< p r o v i n s e n s >
< k u t y m e n s >
< d o d e k a e d r e s >
< k l ø f t e h a m m e r e s >
< f j e n d e r s >
< p a r t i e r s >
< p a r e n t e s >
< a s y l >
< f å r e h u n d e n e s >
< b ø r n e s o l d a t e n s >
< a f o r i s m e r s >
< i d o l e r s >
< l i l j e r s >
< s m å k a g e >
< g r ø n l æ n d e r e s >
< s e e r s >
< a v o k a d o s >
< m å l e n e s >
< s k i d e r i k k e r >
< o m e l e t t e n s >
< k u r v >
< b i t i n g >
< b r o c c o l i e n e s >
< d i s t a n c e s >
< f e d t e r >
< s u l t a n a t e t s >
< s t ø r r e l s e r n e s >
< k e j s e r s n i t >
< r u d e n s >
< f a g >
< p e a n u t s ' >
< p l a d s >
< k o n g e r i g e s >
< o p g a v e n s >
< a n o n y m i s e r e d e >
< s u c c e s e r >
< h j e r t e >
< a r r i g t r o l d >
< k a u t i o n e r >
< c o l l i e n s >
< d e f o r m e r e d e s >
< g r u n d l o v e n e s >
< p l a d s e r n e s >
< b å n d o p t a g e r e s >
< n ø g l e o r d e n e s >
< r e j e c o c k t a i l e n s >
< e u r o e n s >
< s k u m r i n g s >
< k v æ l d e r n e s >
< v a l g s >
< s y m p t o m e r n e s >
< s k u d å r e n e s >
< m u s i k p æ d a g o g e r s >
< p u r e r e s >
< s o l u d b r u d >
< m e t o d e r >
< i n s e k t æ d e r e n e s >
< a s t e r o i d e n s >
< f e r s k e n e n s >
< t a n d t r å d e n s >
< m o n a r k i s >
< n a v n e o r d e n e s >
< c h i k a n e n s >
< u n g k a r l e >
< b i b l i o t e k a r e r >
< s u p e r o r g a n i s m e r n e s >
< e k s t r a h e r >
< m u l d v a r p e s >
< p o s t k o r t e t s >
< a r g e n t i n e r e s >
< f l o d e r s >
< g o d b i d d e n s >
< k r o k o d i l l e t å r e r n e s >
< h j e r t e r s >
< s v i n >
< n e g s >
< t r y n e s >
< b l o d p l a d e >
< o n o m a t o p o i e t i k a s >
< d i a b e t i k e r >
< v a r u l v e n e s >
< a r t e r n e s >
< k r o g e >
< a n n i h i l e r e n d e >
< p r o c e n t p o i n t s >
< h i s t o r i e s >
< n e k t a r i n e r s >
< p r o v i n s e r n e s >
< a l f e r n e s >
< f o r h ø j e l s e >
< b o r d e l l e t s >
< h å r s >
< q u i n d e s >
< c a f é   a u   l a i t e n s >
< h i m m e l >
< t e n d e n s e r >
< k a n a p é e r n e s >
< d y s t e r n e s >
< u n d u l a t e n s >
< m o t i v e r e >
< d e l e g a t >
< v i s e r e s >
< g e n o t y p e r s >
< a f p r e s n i n g e r n e s >
< i n d b r u d d e t s >
< t o m m e l f i n g r e s >
< k v o t i e n t e r n e s >
< f a d e r e n s >
< f o l k e h ø j s k o l e s >
< k y n i k e r e >
< a s t r o n a u t e r >
< e k s a m e n e n s >
< r e d s k a b e r s >
< e l i k s i r e r s >
< v i d e o s p i l k a r a k t e r e r >
< t a g e >
< g r u n d l a g s >
< d a t i d s >
< i d i o s y n k r a s i e r n e s >
< b u r g e r b a r e r n e s >
< e m b a l l a g e r s >
< n y t å r s d a g e >
< a p o t e k e r >
< s k r i d t b i n d s >
< h æ l >
< p r æ s i d e n t e r >
< m e n a g e n s >
< r e k v i e m m e r n e s >
< m o t o r s a v >
< v æ s k e n s >
< h ø r e t e l e f o n e r n e s >
< i d y l l e r s >
< a u t o r i t e t s >
< d a t a >
< v e n e >
< e - m a i l - a d r e s s e >
< l æ n e s t o l e s >
< s a m l i n g e r n e s >
< g e o m e t r i >
< t r a g e d i e r s >
< p e l a r g o n i e r s >
< v i o l i n i s t e r n e s >
< s k u l d e r b l a d >
< v a n d p o l o >
< v i s d o m s t æ n d e r s >
< n y t å r >
< m i l e n s >
< c i g a r e t e t u i e r n e s >
< z a r e n s >
< r a d i o b i l s >
< k e j s e r n e s >
< k r o k o d i l l e t å r e r s >
< r o k e r e d e s >
< v a n d r i n g s m æ n d s >
< s ø r ø v e r e s >
< m i s t e >
< t r y n e n s >
< k a f f e k a n d e r >
< a f l e v e r i n g s >
< v e g e t a r >
< d æ m p e >
< m o d u l e r e d e s >
< s k å l e t >
< b u k s e s t o f >
< p a r o d i s >
< k u r e r e r >
< l o r t e s >
< s t r o f e >
< a b k h a s e r e s >
< p i k k e m a n d s >
< h i n d b æ r s n i t t e r s >
< k n o g l e r >
< l æ n e s t o l >
< i l d f l u e r >
< a l f o n s >
< d e b u t e r n e s >
< s o m r e >
< s e j r e >
< m u s i k v i d e o s >
< p s y k o l o g i e r s >
< k u n s t >
< n a v l e s t r e n g e >
< d e k o r a t i o n e n s >
< s o l b æ r r e n e s >
< j o u r n a l i s t e n s >
< r e c i t a t i o n e r s >
< h a m m e r s >
< k a s k e l o t h v a l >
< e k s p e d i e n t e r >
< s a l a t f a d e n e s >
< t r o l d e r >
< b a s k e t b a l l s p i l l e r e s >
< l ø b >
< l å n >
< s a v e s >
< ø g e n d e >
< n ø d u d g a n g e n s >
< h u s k a t t e n e s >
< h a l v b r o r s >
< t a s t e n d e >
< v e j s k i l t >
< d e f i n i t i o n s m æ n g d e r n e s >
< h a l v ø >
< l ø s e n e r >
< l o d d e k o l b e r s >
< s k r æ d d e r s >
< æ r t s >
< a k t s >
< v i n d r u e s >
< s a l t e d e >
< t a x a s >
< s v i g t e r >
< a b b e d i e r s >
< k o n t a k t >
< h o l l æ n d e r e s >
< m u d d e r g r ø f t e r >
< f r æ n d e r n e s >
< a r e a l s >
< f r ø k e n e r >
< o v e r m æ n g d e r >
< s o v e p o s e r n e s >
< d i s t a n c e r >
< f æ s t n i n g e r >
< e t a p e r >
< s a d i s t s >
< d e t a l j e r n e s >
< s o r g e r >
< b å d >
< v a m p y r e r >
< n i p l e n s n i p p e l e n s >
< r o o m i e s n e s >
< f i l o s o f f e r s >
< a m e r i k a n e r e n s >
< g r æ k e r n e s >
< d a m p >
< t a x a e r s >
< i n t e r j e k t i o n e r >
< k e t s j e r e n s >
< s p a r k s >
< v i e l s e s r i n g s >
< a f g r ø d e r s >
< a g r o n o m e r s >
< p i g e r s >
< k y s t l i n j e >
< f o d r i n g e r >
< f o r k >
< v a n d r e g r æ s h o p p e n s >
< b r e d >
< t u r k i s ' >
< b æ k k e n s >
< b r o d e r s k a b e r s >
< s c o r e r e p l i k k e r >
< s e k r e t a r i a t e r s >
< s e m i f i n a l e n s >
< m e t o d e r n e s >
< s a l t e >
< l o k u m m e t s >
< d a n s k e r n e s >
< u d v i k l i n g e r n e s >
< r a d i o e n s >
< p u n g d y r e t s >
< t v æ r b ø l g e n s >
< t e l e g r a f s >
< c e n t r a l n e r v e s y s t e m e r n e s >
< r æ k k e r n e s >
< s t å l s >
< a n l e d n i n g e r s >
< a v o c a d o e r s >
< p a r k e r s >
< p a n d a e r s >
< o m b u d s m a n d e n s >
< p a l a v e r n e s >
< e t a p e n s >
< p l o m b e r n e s >
< i n t e l l i g e n s k v o t i e n t e r s >
< s y s t e m e t s >
< d e v i e r e >
< m a t e r i a l e t s >
< p e n n a l h u s e >
< a t g e j r s >
< g a s m a s k e r s >
< p e r s o n e r >
< h j e m m e s i d e >
< r i n g >
< p æ d e r a s t e r s >
< m u s i k v i d e o e r >
< d i m i n u t i v e r n e s >
< g e n e r a l e n s >
< m æ n g d e r n e s >
< b o y k o t t e r >
< b r u g e r b i d r a g >
< r e k l a m e >
< æ r t >
< p e r i o d e r s >
< g l e n t e r s >
< i n d f l y v n i n g e r s >
< e k t o p l a s m a >
< p a d d e r s >
< g a l s k a b e r s >
< d y s t e t >
< p o l i t i k e r e s >
< h ø j d e s p r i n g >
< s l ø j f e s >
< s k u f f e r >
< s p i d s m u s ' >
< s a v e n e s >
< a l t r e s >
< d i s k u s s i o n e r n e s >
< m u n d h a r m o n i k a >
< m u n d s >
< p i n j e s >
< p i z z a >
< h o v e s >
< h a s s e l s >
< h y d r o l o g >
< m e t a l l u r g >
< s o l s o r t >
< m e l l e m k r i g s t i d e n s >
< m e t a f o r >
< f l e r t a l l e t s >
< l i a n s >
< p æ d e r a s t e r >
< a u t o d i d a k t >
< k e j s e r p i n g v i n >
< d r o g e n s >
< e s k a d r i l l e n s >
< a m b a s s a d e n s >
< j o r d e m o d e r s >
< k o r >
< k i n d e r s >
< a r n e >
< b l o k e r >
< m a n g l e r >
< f o b i e n s >
< s t a r t >
< f ø r d a t i d s >
< u l t r a l y d s >
< h y n d e r n e s >
< ø l m a v e r s >
< b o g b u s s e n s >
< a r e a l e r s >
< a m a g e r k a n e r >
< h e x a e d e r >
< i l d s l u k k e r e n s >
< t i d s >
< p i l o t s >
< t ø j e r >
< b r e d >
< a k t i v i s t e r s >
< a d v e r b i e t s >
< t æ l l e r e s >
< p e a n u t t e n s >
< o p r ø r e n e s >
< p a r l a m e n t e r s >
< a r b e j d s d a g >
< t e l e g r a f i s t e r n e s >
< a c c e l e r e r e r >
< g å r d h a v e r n e s >
< g ø d e d e >
< m a s s a k r e s >
< a r b e j d s g i v e r e >
< c i t r o n e r s >
< s å l e r n e s >
< f l y n d e r s >
< u g e r s >
< l i l l e h j e r n e r s >
< a f f a l d s b e h o l d e r e s >
< h j e r t e s t o p s >
< k o l l e g a e r >
< k o r >
< s o l s i k k e n s >
< t i r s d a g e n e s >
< t e s e r s >
< v a m s >
< f a m i l i e r n e s >
< s i l d >
< c i g a r e t r ø r e n e s >
< a t g e j r e n s >
< o r d s p i l >
< b r a n d b i l e r n e s >
< s k ø j t e r n e s >
< d e k a d e r >
< f o r u d s æ t n i n g e r >
< a l b u m s >
< t o n e s >
< k o p i e n s >
< v å b e n h v i l e >
< q u i z z e r >
< s k u f f e s >
< s t u d e n s >
< d a n s k v a n d e n s >
< h e l t a l >
< s a m a r b e j d e r s >
< v e g e t a r s >
< i n f o r m a t i o n e r s >
< j u v e l e n s >
< ø k o l o g i e r s >
< v e r d e n s m e s t r e s >
< f r æ n k e r >
< a b o r r e s >
< b a m s e s >
< b e l g i e r s >
< b a s s i n e t s >
< g l i m t >
< d e i s m e r n e s >
< t a v l e n s >
< v a n d r e f a l k e n s >
< k o m m o d e r s >
< l å s >
< d e h y d r e r e d e >
< u r i n s e k t e r >
< a f h o l d s m a n d e n s >
< f a c o n e r >
< b r u s k e s >
< b r æ n d s l e r n e s >
< b r y s t v o r t e r >
< t ø s e d r e n g >
< m u s i k k o n s e r v a t o r i e >
< r ø n n e n s >
< m a n i f e s t s >
< v a r a n e n s >
< a f s t e m n i n g e n s >
< v e n t i l e r s >
< b l e n d e r e s >
< h o r e h u s e t s >
< r a m b u k k e >
< v o d d e t s >
< h æ r v æ r k s m æ n d e n e s >
< f j æ r t e n e s >
< h a s s e l >
< k u b i k m e t e r n e s >
< v e s t k y s t e r >
< p e r s e r e s >
< p a t é >
< m o n a r k i e t s >
< e r k l æ r e s >
< b ø g e r n e s >
< s k æ r f s >
< a k k o r d e n s >
< h a t >
< l u f t h a v n e s >
< h e l l e b a r d >
< l e n s >
< e j e r e >
< a r t i k l e n s >
< v i s k e s t y k k e s >
< d e h y d r e r e r >
< j o u r n a l i s t s >
< s u d a n e r e >
< f a r s >
< s v æ r m s >
< z a r i n a e r >
< p i n s e l i l j e r s >
< p a t t e d y r >
< c a n a d i e r s >
< d i a g n o s e s >
< t o i l e t t e r n e s >
< r u n d s a v e >
< h j o r t s >
< h o v e d s e r i e s >
< f a l d g r u b e r s >
< p r i n s ' >
< b a n g e b u k s e n e s >
< f j e r t e s >
< s m e d s >
< s p u r v s >
< k a p p e s >
< r æ v e >
< b u l g a r e r n e s >
< n e k s ø b o e r s >
< b r u d e p i g e r n e s >
< l æ r e r i n d e r s >
< t e a t r e n e s >
< r e c i t a t i o n e r >
< b r o r e n s >
< j u l e s t j e r n e r n e s >
< e u r o e r n e s >
< m i n d r e t a l s r e g e r i n g e n s >
< t ø n d e s >
< k o k o s n ø d >
< p a r a l l e l o g r a m m e r >
< f a c a d e r n e s >
< m u s i k i n s t r u m e n t e t s >
< s p r o g s >
< m a r i e h ø n e s >
< v i n l i s t e >
< m o r g e n m æ n d e n e s >
< u r i n s >
< s k i d t >
< t a n g o e r s >
< u d a d v e n d t h e d e r n e s >
< g e r n i n g s s t e d s >
< g y n g e h e s t >
< u d g a n g e >
< c i r k e l s >
< j e r n b a n e o v e r s k æ r i n g >
< l ø b e n e s >
< s k e d e r >
< h o p p e >
< b i v u a k s >
< a r t e r n e s >
< p i g s >
< e m o t i k o n s >
< a n d >
< i s b j ø r n >
< a u t o r i t e t >
< t r y l l e k u n s t n e r >
< m a n d a r i n s >
< l ø v i n d e r >
< h a l v b r o r >
< b u r g e r - b a r e r s >
< s t a b e >
< æ d e l g a s s e r n e s >
< s t r u d s e n s >
< s y n o n y m e r >
< k ø l l e >
< r e k l a m e r n e s >
< s æ b e o p e r a e r s >
< t i d e r s >
< h i n g s t e n e s >
< m å n e d >
< k u s k e n e s >
< p a n d a e r n e s >
< m i s s e n s >
< b o g k l u b s >
< o p r ø r >
< s k u e s p i l l e n e s >
< t r a m p o l i n >
< s n e u g l e r >
< t o e r s >
< j e r n b a n e s p o r s >
< i n t e l l i g e n s t e s t n i n g e r n e s >
< q u a r t e r b a c k e r s >
< k r o p >
< s t r y g e j e r n >
< i d o l >
< k u p >
< f a m i l i e n s >
< b a m s e k n u s >
< n u d l e n s n u d e l e n s >
< f l å d e r >
< d a t a b a s e r s >
< m a n d l e r n e s >
< k a n d i d a t >
< p i b e n e s >
< f a l a f l e r >
< ø k o l o g i e r >
< c i g a r e t s k o d s >
< k a l v >
< k o m m e n t a r s >
< t j e n e s t e n s >
< b r o d e r s k a b e r n e s >
< u n d e r s t ø t t e l s e s p u n k t e r s >
< e f f e k t s >
< h o p p e n s >
< l ø s e s u m >
< r i d d e r n e s >
< u g e s >
< g r æ n s e r >
< b a b y f a c e s >
< h a n e r s >
< t e r a p e u t e r s >
< v e n t i l e n s >
< g æ l l e r n e s >
< k u r e r e d e >
< r o t t e >
< s k æ g >
< e l f e n b e n s t å r n e >
< k a r a v a n e s >
< g e n n e m b r u d d e n e s >
< t ø m m e r >
< l a d e n e s >
< u l y k k e >
< v a n d h u n d e n e s >
< s k æ n k e >
< d r u e s >
< s k r æ d d e r m e s t e r e n s >
< p r o p r i e r s >
< s y d k y s t s >
< s a m l e j e s >
< t i d e n s >
< m o r d e r n e s >
< h o p p e r s >
< k u s s e r >
< p a r k e r i n g s g a r a g e r >
< f o d b o l d s p i l l e r e s >
< f l ø j t e r >
< v æ g g e >
< d ø r m a n d >
< b o r g e r k r i g e s >
< p a s s w o r d >
< m a t e r i a l e >
< m å n e r n e s >
< b a n g e b u k s >
< e n h e d e n s >
< m u s l i m e r s >
< t å g e r n e s >
< t e l e f o n b ø g e r >
< i n t e r j e k t i o n s >
< t i d >
< r o s i n e n s >
< f e d t s y l s >
< o r d b o g e n s >
< d æ k k e t s >
< n u k l e o n e r >
< f l a g e s >
< v i t t i g h e d e r n e s >
< v a d e s t e d e t s >
< r e v y >
< i n t r a n e t s >
< s k i d e r i k k e r n e s >
< t a v l e r s >
< b l å h v a l e n s >
< i n u i t t e r n e s >
< k a p e r s >
< r e d o x r e a k t i o n >
< m a f i o s o e r n e s >
< s t i g m a >
< k o n k u r s >
< s j a l e r >
< j a g s >
< b a g a t e l l e r n e s >
< s k a f o t t e r s >
< a k t i v i s t e r >
< a f o r i s m e >
< m a p p e r s >
< s u d a n e r e n s >
< w i k i e r s >
< b a b y f l ø j l e r s >
< m ø s >
< h o v e d s e r i e r >
< d a n s k v a n d e r s >
< s k u l d e r >
< t v - s e r i e r >
< b a l k o n e n s >
< s k i d t e t s >
< s t a t s o v e r h o v e d e t s >
< r æ k k e r >
< m a g r e r >
< s u b s t a n s e r n e s >
< f i l m s >
< t y r k e r e n s >
< ø s t k y s t s >
< n e g a t i v >
< m e l l e m m a n d s >
< u n g d o m s o r g a n i s a t i o n e r s >
< e r o b r i n g s k r i g >
< v a b l e r >
< a n d r i k k e r s >
< s k i f t e >
< s v æ r d f i s k s >
< a f v i g e l s e r n e s >
< k o r >
< p e n i s s e r s >
< r æ k k e n s >
< r o k e r e >
< s o f a s >
< n i v e a u s >
< a r r i g t r o l d e n e s >
< g r a t u l e r e t >
< m a n d e l o l i e s >
< d ø r m å t t e r >
< s m i l e y e r n e s >
< n å l e n e s >
< s k r i n e t s >
< k o n s t r u k t i o n >
< p r i n s >
< k a t e g o r i e n s >
< o r d i n e r e >
< j u r i s t e r >
< a l t e r n a t i v e r >
< f l y t t e b i l s >
< l a d e t s >
< b l o d t y p e n s >
< h o r r o r f i l m >
< b e r s æ r k e r s >
< p i g e r >
< f u r i e >
< k l o a k d y r >
< t y v e r i >
< s t a n g s p r i n g e t s >
< a v a n t g a r d e r s >
< p u l v e r n e s >
< a l k o h o l i k e r n e s >
< s t æ n g e r n e s >
< i n d a d v e n d t h e d e r s >
< ø g e n a v n e >
< b r u g e r b e t a l i n g e n s >
< m a d d i n g e r n e s >
< s u l t a n a t e r s >
< s a n d s æ k k e n e s >
< s k u l p t u r e r >
< d y r k e d e s >
< s y n d e n s >
< g l o b e s >
< m i s s e k a t t e n e s >
< s o l n e d g a n g e s >
< s a n d s æ k k e >
< o v e r s k æ g >
< t r a d i t i o n e r n e s >
< c o l l i e r >
< e r k l æ r e r >
< t æ n d s t i k k e r n e s >
< k a r t o f l e r n e s >
< v i s e r s >
< t a l j e r n e s >
< q u a r t e r b a c k e r n e s >
< o d d e r e n s >
< j e r n b a n e s p o r s >
< f æ l l e s b e t e g n e l s e r n e s >
< h a n d l e r e s >
< h o r r o r f i l m >
< å r e r s >
< r a p p e n s k r a l d e n s >
< t r o n e n s >
< p a n d e r s >
< m a d d i k e r s >
< p o r t >
< h ø j t a l e r e n s >
< æ d e l g a s s e r s >
< b r y n >
< c y k e l d æ k s >
< æ n d r e >
< k i l d e k o d e s >
< a b s u r d i t e t e n s >
< c i r k e l a f s n i t s >
< i n f o r m a t i o n e r >
< h a l v b r o r e n s >
< f o n d s >
< f æ d r e >
< o r n e r n e s >
< o v e r s æ t t e l s e >
< f o r k e s >
< b o r d e a u x e r >
< a u t o k r a t i s >
< d i m i n u t i v e t s >
< a n t i s t o f f e t s >
< f æ l l e d e r >
< m u s i k v i d e o e n s >
< s t o r m s v a l e n s >
< a b d i c e r >
< l a s e r >
< d a t a m a t >
< k o m t e s s e s >
< l ø s e s u m >
< f l y v n i n g e r s >
< m a n d a g >
< s p o r t s s e r i e r n e s >
< l a s e r s >
< s t o r m >
< l y d k o r t e t s >
< i n d k o m s t >
< s æ t n i n g >
< g r i n >
< v e r d e n >
< t i l s t a n d >
< b o y s e n b æ r r e n e s >
< s l o f f e n s >
< e d >
< f u n d s >
< p r o d u k t s >
< k v o t i e n t r æ k k e n s >
< a n s ø g e r e >
< h a r v e n s >
< v a n d f a r v e n s >
< p o r t e s >
< r o o m i e s ' >
< b a b y d o l l e n e s >
< t u s s e n s >
< v å b e n h v i l e r n e s >
< b l o d k r e d s l ø b e t s >
< h y æ n e >
< l a d s >
< j ø d e h a r p e r s >
< k i l o m e t e r s >
< g r u n d l o v s >
< d i s c i p l i n e n s >
< b a b y f l ø j l >
< j o r d s k æ l v >
< a b d i c e r e t >
< r e g e l s >
< s n o g e n s >
< h y d r o l y s e r s >
< n g o ' e r s >
< s u b k o n t i n e n t >
< a b c ' e r n e s >
< d a n s e r i n d e r s >
< y p s i l o n s >
< ø g e >
< t i l n a v n e t s >
< r e m u l a d e n s >
< f o r s ø g s >
< s k æ g g e t s >
< æ r i n d e s >
< g ø d e >
< r e s e r v e r e >
< f j e n d e >
< d e m o n s t r a t i o n >
< k r æ s e n d e >
< o p d a g e l s e r >
< t r æ k h a r m o n i k a >
< m a f i o s o >
< o r d e n s t a l s >
< v a l n ø d s >
< s k ø j t e >
< m å n e d e r >
< p o r r e >
< k v a d r a t m e t e r >
< m e d l e y >
< k u n s t n e r n a v n >
< b r a n d e r t >
< k i o s k s >
< l i g h e d >
< k o m m o d e r >
< b i l l e s >
< s o v s e n s >
< s k i f t e t s >
< p a r k e n s >
< v a n d p o l o s >
< f o d b o l d e n s >
< v e j s k i l t s >
< k i n d >
< f o d b o l d s p i l l e r n e s >
< p a r t n e r s >
< v i k i n g e r >
< k o m p o s i t i o n e r s >
< b o m m e s >
< a n t a l s >
< y v e r n e s >
< b u f f e r >
< f æ l l e s m æ n g d e s >
< f u n d >
< r e g l e n s r e g e l e n s >
< p o r s e n s >
< a k t i v i s t e r n e s >
< u d s i g t e r >
< h e n v e n d e l s e >
< h e l t i n d e >
< r o s m a r i n e r s >
< e d d i k e r n e s >
< s t o r m f u g l >
< k u t y m e r >
< h u n k a t t e n s >
< a l l é e r s >
< g e n n e m s n i t >
< k l a n e r s >
< r å d y r s >
< m u n k e s >
< k o n k u r r e n c e r >
< b a m b u s s e r >
< t o n e >
< k l a r e >
< s t u d e >
< s n e d k e r >
< b r æ k j e r n s >
< d a d l e r s >
< g r a v e r e s >
< s i n e c u r e >
< z e b r a f i n k e >
< f e r i e r s >
< f i l i a l e r >
< e r a n t i s ' >
< m o n t e r e s >
< s u b j e k t >
< h j e r t e s t o p p e t s >
< s t a t u e n s >
< m e t e r >
< p e l s e n e s >
< m u s i k e r e >
< a d v a r s l e r >
< l å s ' >
< s t o r m e n s >
< b j ø r n e t j e n e s t e r s >
< t y d e l i g g ø r e l s e s >
< e t a p e s >
< k i r k e r n e s >
< b r y g g e r i e r >
< f y r f a d s l y s e n e s >
< h o r m o n e r n e s >
< m u l d v a r p e n e s >
< s e k t o r s >
< n y t å r s >
< s t u d e r e n d e >
< l i n g v i s t e r s >
< b r e d d e r s >
< s p æ t t e r s >
< v e r b e r >
< l a m p e s k æ r m e s >
< k o l i b r i s >
< k a r n a p p e r >
< k o p i >
< g u l v >
< t r æ l l e n s >
< t e r a p i s >
< l o r t s >
< b o p æ l e s >
< s o n a t e r n e s >
< m e d i t a t i o n e r >
< k e m i k e r n e s >
< a r e a l e r s >
< s t å s t e d >
< s n e f a l d >
< l æ n g d e n s >
< v a f l e r >
< t a n k b i l e r s >
< k u p o n >
< h æ l d n i n g e n s >
< k o n t a k t e r n e s >
< k u s s e n s >
< b æ s t e r s >
< p e b e r k v æ r n s >
< p a t t e d y r s >
< m a s k i n e r >
< p e b e r k v æ r n >
< j u b i l æ e r s >
< k u l t u r e r s >
< b e d e m a n d s >
< p o s t k o r t s >
< d r ø n e >
< k a s t e t s >
< d a g >
< k a s k e t s >
< r e c i r k u l a t i o n e r >
< s p i s e b o r d e n e s >
< b a b y l o n i e r e >
< b u e s k y t t e r >
< k i l o g r a m s >
< n y t t e v i r k n i n g s >
< k l a r e n d e >
< f o r m u e r >
< p o r n o g r a f s >
< l ø k k e s >
< r e g u l e r e t >
< g r æ k e r s >
< k ø r e t ø j e t s >
< p y j a m a s s e r s >
< s k a f o t s >
< s t o f m æ n g d e r s >
< v a g t e n s >
< l æ r e r e >
< m e l l e m n i v e a u s >
< d a n i s e r e s >
< l å r b e n e n e s >
< s e n e s k e d e h i n d e b e t æ n d e l s e r s >
< t r u b a d u r e r s >
< t a t o v e r e d e s >
< r ø g a l a r m e n s >
< p o l y e d r e n e s >
< r e m o u l a d e >
< r u n d k ø r s l e r s >
< v a l n ø d >
< p a n t e r s >
< m å b e s >
< m ø b e l s >
< l i e c h t e n s t e i n e r e n s >
< f i n t e r >
< t o r n e s >
< i n t e l l i g e n s e n s >
< v i p p e r s >
< b o m m e n s >
< d e k a d e r s >
< a f s t a n d >
< g e n e r >
< s t e n >
< n a t k l u b b e r s >
< a f t e n >
< t r a f i k p r o p p e r s >
< å r s a g e n s >
< ø j e l å g e t s >
< h ø j d e s p r i n g e r >
< k a r >
< t u n g e m å l e n e s >
< t æ l l e r s >
< t r e d j e p a r t e n s >
< g r o t e s k s >
< f l o d e n s >
< l ø r d a g e n s >
< p u d e r n e s >
< y n d l i n g s f a r v e s >
< k o r n e t t e n s >
< s i l i k a t e r >
< s p y d >
< h j e r t e >
< u l t i m a t u m m e t s >
< p o k e r f j æ s ' >
< k a n a p é e r >
< c i r k e l a f s n i t >
< f æ s t n i n g e r n e s >
< k l a d d e s >
< a l b u m m e r n e s >
< j u v e l e r e r s >
< n æ r i n g s s t o f >
< v e r d e n s >
< j o u r n a l i s t e n s >
< s i k r i n g e r >
< m a g r e d e >
< v a n d m a n d s >
< p a n e r e >
< D - m a r k s >
< p l e k t e r >
< m u s i k v i d e o e r s >
< o n k l e r n e s >
< s y r e r >
< l u s >
< d e t a l j e r >
< b a g m a n d >
< i l d f l u e >
< p a r a p l y e r s >
< k r ø s u s s e r s >
< b r a t s c h e n s >
< s a m f u n d >
< p r æ f i k s >
< p y r r h u s s e j r e s >
< l i v >
< p e n i s s e r n e s >
< k i k s e r e >
< o r k e r s >
< g u v e r n ø r s >
< p a s s a g e r e r s >
< a b b e d i e r n e s >
< r a g o u t e r n e s >
< a f b i l d n i n g s >
< f o r k o r t n i n g >
< t r e s p r i n g >
< b a l d e >
< g u l d u r e n e s >
< b a r n e v o g n e n s >
< e s t r a g o n e r s >
< f a d e r >
< u d g i f t e r s >
< t j e n e s t e s >
< t a x a e r >
< k r ø l l e >
< r e j e r s >
< r e f e r e n d u m m e r s >
< l i v s >
< g e n s t a n d s >
< f o r d a n s k n i n g e r >
< i s t i d e r s >
< d u s i n s >
< k l a v i a t u r s >
< p i b e r s >
< k u l d s >
< c a r n i v o r e r >
< s k ø j t e n s >
< r e s i s t o r e r s >
< m u s k e l >
< d i a g n o s t i c e r e n d e >
< s k j a l d e n s >
< b e t y d n i n g s >
< e f t e r n a v n e t s >
< o l d e f a r s >
< s k a n d a l e r >
< a r k i v >
< f r y g t e n d e >
< v e r d e n s s t j e r n e s >
< u d v i k l e r >
< b e t a b l o k k e r e n s >
< p o l e m i k k e r s >
< h y d r a t e t s >
< a u t o r i t e t e n s >
< t o r t u r e n s >
< a d v e n t e r n e s >
< g y n g e h e s t s >
< h å r b ø r s t e r n e s >
< k a p t a j n >
< ø g l e s >
< t ø j s >
< r e t f æ r d i g h e d e r >
< s v æ k l i n g e n s >
< d e f e k t >
< a s k e n e s >
< g r u n d l o v >
< f l a g e r m u s e n s >
< t a l e s >
< g u l d u r >
< s t r e j f s >
< k u s i n e n s >
< h o f t e h o l d e r e n s >
< g o l f s p i l l e r s >
< d e k a g r a m m e n e s >
< v a r i e r >
< s k å l e n d e >
< p i z z a e r n e s >
< n a v n e f æ l l e r s >
< k o n f i s k e r e t >
< f l a n ø r e r s >
< i n t i m i d e r e t >
< f a l a f f e l >
< m e d g i f t e r >
< r u s s e r e n s >
< l æ n g d e s p r i n g e r s >
< v i d e n s k a b s m æ n d s >
< j o u r n a l i s t e r n e s >
< v a n d r e f a l k >
< d y s t e >
< v o r t e r >
< d e l e g a t s >
< m e d l e y e r n e s >
< b a s t a r d e n s >
< f u r i e n s >
< o p e r e r e s >
< å g e n e s >
< k o n s e r v e r i n g s m i d d e l >
< f e r i e r >
< h i s t o r i e s >
< l æ n g s l e r s >
< b a r n e v o g n e s >
< s e j r e s >
< v a s k e >
< r e f r a k t i o n e n s >
< d r i n k e n s >
< k o n c e r t i n a e r >
< d a d l e r >
< d e g e n e r e r e d e s >
< f i l m e n s >
< p r æ s i d e n t >
< t o r s d a g e >
< k æ l l i n g e r s >
< a d d e r >
< a b r i k o s t r æ e r s >
< r u g e m ø d r e s >
< h y p p i g h e d e r s >
< p u s l e s p i l >
< d y s t e d e >
< l y d p o t t e s >
< s j æ l e n s >
< p r o n o m e n e r s >
< p a t t e d y r s >
< v o l d t æ g t e r n e s >
< c h i m p a n s e s >
< p i n l i g h e d s f o r n e m m e l s e r s >
< s k o l e t a s k e s >
< s k i l d p a d d e r n e s >
< m o d u l e r e d e >
< s k u e s p i l l e r >
< a m f i b i e r >
< n ø d v e n d i g h e d >
< k o v s ' >
< h ø g e >
< k u e r >
< b i p r o d u k t e r >
< g a l l e r i e t s >
< a l g o r i t m e n s >
< p o l i t i m e s t e r s >
< i n d a d v e n d t h e d e r n e s >
< p r o d u k t e r n e s >
< r ø v h u l l e r s >
< e s t i m e r e >
< u l y k k e n s >
< s a m a r b e j d e r n e s >
< m æ r e s >
< f o r k l a r e d e >
< k n a p p e r >
< g u i t a r e n s >
< a f f a l d s b e h o l d e r e n s >
< y n g l i n g e s >
< b e k o s t n i n g e n s >
< j u l e t r æ e r n e s >
< s k u m b a d e n e s >
< s k u r k s >
< s y d k y s t e n s >
< r o l l e s p i l s >
< t i d s p u n k t e r s >
< p å f u g l e s >
< p e l i k a n e r >
< d ø g n s >
< p y n t e d e s >
< h a r p e n s >
< m u s i k e r >
< s l a v e n s >
< d a m p s k i b e >
< s p ø g e l s e r n e s >
< s p y t k i r t e l s >
< m o r a t o r i u m s >
< v a n d b a k k e l s e r n e s >
< s t o r e s ø s t e r e n s >
< k a p p e n s >
< o p r ø r e t s >
< f l u e p a p i r e r >
< r y g s ø j l e n s >
< m i d l e r s >
< m i l l e n n i e r s >
< k u l e s >
< p i g g e n e s >
< d y n a s t i e t s >
< t y k h o r n s f å r e n e s >
< s i g n e r >
< f l a s k e h a l s e n s >
< b r e d d e r >
< h y p n o t i s e r e d e s >
< n i d s t i r r e s >
< i m p u l s ' >
< p e n g e p u n g s >
< w i e n e r b r ø d s >
< t y s k e r t ø s e r >
< m i l l i m e t e r s >
< o l d e f a r >
< b r a n d s >
< p a r a l l e l l o g r a m s >
< g l a s s e n e s >
< e n g >
< s l u t s p u r t s >
< l æ n g s e l s >
< e m o t i k o n e t s >
< v a s k e b r æ t s >
< f o r s t æ r k n i n g e n s >
< ø r e r n e s >
< l u n d e >
< j u b l e t >
< h ø r e t e l e f o n >
< h e l t i n d e s >
< b a b y b l e e r s >
< l i v s >
< h a r e k i l l i n g e r n e s >
< k ø l e s k a b e n e s >
< o l i v e n o l i e r s >
< b ø l g e l æ n g d e r n e s >
< p r i n s e r n e s >
< p e r f e k t i o n i s t s >
< s k r i d t b e s k y t t e r e n s >
< f o r å r s r u l l e s >
< s o l b a d e t s >
< a d v e n t e r s >
< u g e r s >
< k o b b e r e t s >
< p r i s e r n e s >
< b a l d e r s >
< s t u d s >
< a g e r n >
< t i d s p u n k t s >
< r u n e n s >
< s m i l e y >
< p o k e r a n s i g t e t s >
< p a t e n t >
< p e d e l l e n s >
< m a s s ø r e n s >
< t u s i n d e t s >
< d e l e g a t e r s >
< t o r t e r e d e s >
< h å n d b o l d s p i l l e r e s >
< g i l d e t s >
< j æ r v s >
< r u s e s >
< i n d h ø s t e t >
< a v o k a d o e n s >
< a s t e r i s k e r n e s >
< g e n e r n e s >
< l u s ' >
< p å l æ g >
< m i k r o s e k u n d e r n e s >
< m a r i n e r e >
< m a n d e l o l i e >
< c e l l e m e m b r a n s >
< æ r t e r >
< l y s t r >
< k v o t i e n t s >
< a r e a l e r n e s >
< u n d s k y l d n i n g >
< r e f r a k t i o n e r n e s >
< t e m p o >
< n e d e r d e l >
< t o p o g r a f i e r >
< b y g k o r n >
< d r e j s >
< p o t e n t a t e r n e s >
< s k i d t e n e s >
< c e l l e r >
< s e s a m o l i e r >
< k a t a l o g e t s >
< k o n g r u e n s e r s >
< f o r d a n s k n i n g e r s >
< d i s k u s s i o n s s i d e n s >
< f i r k a n t e r >
< k i n d e r >
< k y n i s m e r s >
< s e j r e n e s >
< t a g e t e s ' >
< v i s e n t s >
< m o b n i n g e n s >
< h j u l e t s >
< p r o v i n s e r n e s >
< n i e c e r >
< t e r a p e u t e r >
< t h i u f æ >
< s k u e s p i l l e t s >
< t r æ k b a s u n e r n e s >
< e f f e k t >
< k o r r i d o r e r n e s >
< n e d e r d e l e n e s >
< k ø l e s k a b >
< s o r g >
< h a l v b r ø d r e >
< t o k s i k o l o g e r n e s >
< r a p p o r t ø r e r n e s >
< å r t i s >
< c e l l e k e r n e s >
< b y d e l >
< j y d e >
< r o t t e n s >
< g l a r m e s t e r >
< ø r e f l i p p e r s >
< r y p e r n e s >
< a p r o p o s e r >
< k u g l e n s >
< k u r >
< t r i l l e b ø r e n e s >
< h e l t a l s >
< s y l e >
< a f a r t s >
< a m ø b e r s >
< e k s i s t e n s e r n e s >
< r o s é e n s >
< m e d i e r >
< p å l æ g s >
< u n d s k y l d n i n g e r n e s >
< t i l n a v n e n e s >
< t i d e r >
< i n t e r e s s e n s >
< t o p o l o g >
< t h i u f æ >
< d r a g t e r >
< b r y n j e r >
< l æ n e s t o l e >
< e m n e s >
< v a l g e t s >
< k a r a k t e r e r >
< t r a n s f o r m a t o r e r n e s >
< h v e d e b r ø d s >
< p a r k e r n e s >
< g e n e r s >
< v e t o e t s >
< m u m l e d e s >
< l a k a j >
< v a r a n e r >
< i s e n s >
< r å d y r e t s >
< m i d d e l h a v s >
< u l k >
< p a r a d o k s e r s >
< s v a n e s a n g e n s >
< t e s t a m e n t e r n e s >
< s a m f u n d >
< a k t i v i t e t e r >
< s p y d d e n e s >
< r i d t >
< t i l l æ g s o r d >
< c h i k a n e r >
< h v a l r o s s e r s >
< q u i z z e r n e s >
< u k r a i n e r e >
< d a t t e r e n s >
< a v o k a d o e r >
< k a k t u s s e r n e s >
< k u n s t e r s >
< b r e d d e r n e s >
< u d v i k l e r e s >
< c o l l i e >
< h å r >
< h e l g e n e r >
< p æ r e r n e s >
< t a r m >
< k a t a l o g e r >
< s k i b e >
< g a b >
< d ø t r e >
< s a n g f u g l e n s >
< e f t e r m i d d a g e s >
< a f s e n d e r e n s >
< b i o l o g i e r n e s >
< d y r k e >
< m e t a f o r e r >
< b a s u n e r >
< b r a n d b i l s >
< s i l d e n s >
< n æ b >
< p r o f e t i >
< m o d s t a n d e n s >
< k a t a k o m b e s >
< t r o m m e r s >
< g e l e d d e t s >
< b a b y a l a r m >
< b a b y b l e e r >
< r a p p o r t ø r e n s >
< a l f e r s >
< k n a l d e >
< i s e n e s >
< m ø d e r n e s >
< t i d e r n e s >
< t e r m i n s >
< d i g e r >
< f u g l e s k r æ m s l e r s >
< t å n e g l e s >
< l a b b e r >
< o r d k l a s s e r n e s >
< d a n d e r e n d e >
< p a g a j e r n e s >
< s e k t o r e r >
< ø k o l o g i >
< s u s p e n s o r i e r s >
< o v e r m æ n g d e >
< h y l d e b æ r r e t s >
< d r ø n s >
< h a r m o n i k a e n s >
< g i l d e r s >
< n ø d u d g a n g s >
< å r s d a g s >
< m e d g i f t e n s >
< j a g e t s >
< a f g a n g s >
< p r æ s t e r s >
< f o d e r b r æ t t e r n e s >
< a s s i m i l e r e d e s >
< a k i l l e s h æ l e n e s >
< a s s i m i l e r e s >
< f a r m a n d s >
< d a n i s e r >
< f æ d r e >
< b r i k k e n s >
< c y k e l d æ k k e n e s >
< p a r t i s >
< s k i l ø b e r s >
< h a l s k æ d e r >
< u d b u d s >
< n a p o l e o n s h a t t e s >
< e t y m o l o g i >
< p l a g e >
< f o r d ø j e t >
< r y g s >
< s ø n s >
< p e n >
< c h i m p a n s e >
< k e j s e r r i g e >
< e t a p e r n e s >
< d o n e r e s >
< t a n d b ø r s t e >
< b r u g e r b e t a l i n g e r s >
< h a d e t >
< a l b u m >
< k u n d e r s >
< o p l y s n i n g e r >
< m u l i g h e d e r s >
< r ø n n e s r ø n s >
< s t o r k e n e s >
< g n o m e r n e s >
< m o r g e n m e n n e s k e t s >
< p r i n s e r n e s >
< h j e m m e s i d e r s >
< p i n l i g h e d s f o r n e m m e l s e r n e s >
< h a n d l e r >
< p a s t e l l e r >
< j æ r v e >
< l u f t k a s t e l >
< s k i b e >
< f l y v e m a s k i n e r s >
< ø r e r i n g >
< m o t o r v e j e n e s >
< b l o d t y p e r s >
< a n s ø g n i n g e n s >
< b r a n d e n e s >
< r e s s o u r c e r s >
< f r e g n e r s >
< m o t o r s a v s >
< l i n j e >
< g o l f b a n e >
< t r o m m e s æ t s >
< f l a n e r e >
< t i e n d e d e l >
< p a n d a e n s >
< r å b s >
< r i g s d a l e r e s >
< f l e r t a l s >
< v i d e o s p i l l e n e s >
< s o f a e r n e s >
< h j e r n e s t a m m e s >
< o p t i m i s t e r s >
< k n a l d e s >
< m ø l l e t s >
< s v a r e s >
< b a r n e s o l d a t e r >
< p a t t e d y r >
< e t y m o l o g e n s >
< s v i n s >
< s a g e r n e s >
< f l e r t a l >
< v e t e r a n e n s >
< r e t f æ r d i g h e d e r n e s >
< t i m e r >
< c i r k l e r s >
< p e s s i m i s t s >
< f æ r i n g >
< v o l d t æ g t s m æ n d e n e s >
< v æ r d i >
< h æ l e n d e >
< s j a l >
< m e n t o r e r s >
< p r æ s t e r n e s >
< l æ b e n s >
< s v æ r d f i s k e n s >
< s t i n k d y r s >
< a d j e k t i v e t s >
< s m i l s >
< e k s e m p l e r n e s >
< h u d f a r v e r n e s >
< c h i k a n e >
< s e l v p o r t r æ t t e t s >
